<?xml version="1.0" encoding="UTF-8"?>
<robot generator="Robot 7.0 (Python 3.8.0 on win32)" generated="2024-05-31T02:12:30.788785" rpa="false" schemaversion="5">
<suite id="s1" name="Test-Mobile" source="C:\Users\ASUS\QA\mobile-testing\Quiz3-Kelompok3-Sanbercode\Suites\test-mobile.robot">
<test id="s1-t1" name="User Should Be Able To Login With Valid Credential" line="7">
<kw name="Open Flight Application" owner="base">
<kw name="Open Application" owner="AppiumLibrary">
<arg>${REMOTE_URL}</arg>
<arg>platformName=${PLATFORM_NAME}</arg>
<arg>platformVersions=${PLATFORM_VERSION}</arg>
<arg>deviceName=${DEVICE_NAME}</arg>
<arg>appPackage=${APP_PACKAGE}</arg>
<arg>appActivity=${APP_ACTIVITY}</arg>
<doc>Opens a new application to given Appium server.
Capabilities of appium server, Android and iOS,
Please check https://github.com/appium/appium/blob/master/docs/en/writing-running-appium/server-args.md
| *Option*            | *Man.* | *Description*     |
| remote_url          | Yes    | Appium server url |
| alias               | no     | alias             |
| strict_ssl          | No     | allows you to send commands to an invalid certificate host like a self-signed one. |</doc>
<status status="PASS" start="2024-05-31T02:12:31.246505" elapsed="10.547760"/>
</kw>
<status status="PASS" start="2024-05-31T02:12:31.246505" elapsed="10.547760"/>
</kw>
<kw name="Verify Home Screen Appears" owner="homePage">
<kw name="Element Should Be Visible" owner="AppiumLibrary">
<msg time="2024-05-31T02:12:43.115904" level="INFO">xpath criteria: //android.widget.ImageView[@resource-id="com.example.myapplication:id/imageView4"]</msg>
<arg>locator=//android.widget.ImageView[@resource-id="com.example.myapplication:id/imageView4"]</arg>
<doc>Verifies that element identified with locator is visible.</doc>
<status status="PASS" start="2024-05-31T02:12:41.796520" elapsed="1.320401"/>
</kw>
<status status="PASS" start="2024-05-31T02:12:41.795476" elapsed="1.321445"/>
</kw>
<kw name="Click Sign In Button On Home Screen" owner="homePage">
<kw name="Click Element" owner="AppiumLibrary">
<msg time="2024-05-31T02:12:43.119156" level="INFO">Clicking element '//android.widget.Button[@resource-id="com.example.myapplication:id/login"]'.</msg>
<msg time="2024-05-31T02:12:43.271580" level="INFO">xpath criteria: //android.widget.Button[@resource-id="com.example.myapplication:id/login"]</msg>
<arg>locator=//android.widget.Button[@resource-id="com.example.myapplication:id/login"]</arg>
<doc>Click element identified by `locator`.</doc>
<status status="PASS" start="2024-05-31T02:12:43.117929" elapsed="0.153651"/>
</kw>
<status status="PASS" start="2024-05-31T02:12:43.116921" elapsed="0.154659"/>
</kw>
<kw name="Input Username" owner="loginPage">
<kw name="Wait Until Element Is Visible" owner="AppiumLibrary">
<msg time="2024-05-31T02:12:45.430699" level="INFO">xpath criteria: //android.widget.EditText[@resource-id="com.example.myapplication:id/username"]
xpath criteria: //android.widget.EditText[@resource-id="com.example.myapplication:id/username"]
xpath criteria: //android.widget.EditText[@resource-id="com.example.myapplication:id/username"]</msg>
<arg>locator=//android.widget.EditText[@resource-id="com.example.myapplication:id/username"]</arg>
<doc>Waits until element specified with `locator` is visible.</doc>
<status status="PASS" start="2024-05-31T02:12:43.274275" elapsed="2.157468"/>
</kw>
<kw name="Input Text" owner="AppiumLibrary">
<msg time="2024-05-31T02:12:45.434325" level="INFO">Typing text 'support@gendigital.com' into text field '//android.widget.EditText[@resource-id="com.example.myapplication:id/username"]'</msg>
<msg time="2024-05-31T02:12:45.626890" level="INFO">xpath criteria: //android.widget.EditText[@resource-id="com.example.myapplication:id/username"]</msg>
<arg>locator=//android.widget.EditText[@resource-id="com.example.myapplication:id/username"]</arg>
<arg>text=support@gendigital.com</arg>
<doc>Types the given `text` into text field identified by `locator`.</doc>
<status status="PASS" start="2024-05-31T02:12:45.431743" elapsed="0.195147"/>
</kw>
<status status="PASS" start="2024-05-31T02:12:43.272760" elapsed="2.355124"/>
</kw>
<kw name="Input User Password" owner="loginPage">
<kw name="Input Text" owner="AppiumLibrary">
<msg time="2024-05-31T02:12:45.630667" level="INFO">Typing text 'abc123' into text field '//android.widget.EditText[@resource-id="com.example.myapplication:id/password"]'</msg>
<msg time="2024-05-31T02:12:46.223555" level="INFO">xpath criteria: //android.widget.EditText[@resource-id="com.example.myapplication:id/password"]</msg>
<arg>locator=//android.widget.EditText[@resource-id="com.example.myapplication:id/password"]</arg>
<arg>text=abc123</arg>
<doc>Types the given `text` into text field identified by `locator`.</doc>
<status status="PASS" start="2024-05-31T02:12:45.627884" elapsed="0.596668"/>
</kw>
<status status="PASS" start="2024-05-31T02:12:45.627884" elapsed="0.596668"/>
</kw>
<kw name="Click Login Button On Login Screen" owner="loginPage">
<kw name="Click Element" owner="AppiumLibrary">
<msg time="2024-05-31T02:12:46.229057" level="INFO">Clicking element '//android.widget.Button[@resource-id="com.example.myapplication:id/signIn"]'.</msg>
<msg time="2024-05-31T02:12:46.918925" level="INFO">xpath criteria: //android.widget.Button[@resource-id="com.example.myapplication:id/signIn"]</msg>
<arg>locator=//android.widget.Button[@resource-id="com.example.myapplication:id/signIn"]</arg>
<doc>Click element identified by `locator`.</doc>
<status status="PASS" start="2024-05-31T02:12:46.226060" elapsed="0.692865"/>
</kw>
<status status="PASS" start="2024-05-31T02:12:46.225058" elapsed="0.693867"/>
</kw>
<status status="PASS" start="2024-05-31T02:12:31.245505" elapsed="15.674899"/>
</test>
<status status="PASS" start="2024-05-31T02:12:30.790786" elapsed="16.131654"/>
</suite>
<statistics>
<total>
<stat pass="1" fail="0" skip="0">All Tests</stat>
</total>
<tag>
</tag>
<suite>
<stat pass="1" fail="0" skip="0" id="s1" name="Test-Mobile">Test-Mobile</stat>
</suite>
</statistics>
<errors>
</errors>
</robot>
