<?xml version="1.0" encoding="UTF-8"?>
<robot generator="Robot 7.0 (Python 3.8.0 on win32)" generated="2024-05-31T01:36:50.237450" rpa="false" schemaversion="5">
<suite id="s1" name="Test-Mobile" source="C:\Users\ASUS\QA\mobile-testing\Quiz3-Kelompok3-Sanbercode\Suites\test-mobile.robot">
<test id="s1-t1" name="User Should Be Able To Login With Valid Credential" line="44">
<kw name="Open Flight Application">
<kw name="Open Application" owner="AppiumLibrary">
<arg>${REMOTE_URL}</arg>
<arg>platformName=${PLATFORM_NAME}</arg>
<arg>platformVersions=${PLATFORM_VERSION}</arg>
<arg>deviceName=${DEVICE_NAME}</arg>
<arg>appPackage=${APP_PACKAGE}</arg>
<arg>appActivity=${APP_ACTIVITY}</arg>
<doc>Opens a new application to given Appium server.
Capabilities of appium server, Android and iOS,
Please check https://github.com/appium/appium/blob/master/docs/en/writing-running-appium/server-args.md
| *Option*            | *Man.* | *Description*     |
| remote_url          | Yes    | Appium server url |
| alias               | no     | alias             |
| strict_ssl          | No     | allows you to send commands to an invalid certificate host like a self-signed one. |</doc>
<status status="PASS" start="2024-05-31T01:36:50.928693" elapsed="10.072205"/>
</kw>
<status status="PASS" start="2024-05-31T01:36:50.925154" elapsed="10.076751"/>
</kw>
<kw name="Verify Home Screen Appears">
<kw name="Element Should Be Visible" owner="AppiumLibrary">
<msg time="2024-05-31T01:37:02.227624" level="INFO">xpath criteria: //android.widget.ImageView[@resource-id="com.example.myapplication:id/imageView4"]</msg>
<arg>locator=//android.widget.ImageView[@resource-id="com.example.myapplication:id/imageView4"]</arg>
<doc>Verifies that element identified with locator is visible.</doc>
<status status="PASS" start="2024-05-31T01:37:01.003945" elapsed="1.223679"/>
</kw>
<status status="PASS" start="2024-05-31T01:37:01.002903" elapsed="1.225725"/>
</kw>
<kw name="Click Sign In Button On Home Screen">
<kw name="Click Element" owner="AppiumLibrary">
<msg time="2024-05-31T01:37:02.233987" level="INFO">Clicking element '//android.widget.Button[@resource-id="com.example.myapplication:id/login"]'.</msg>
<msg time="2024-05-31T01:37:02.385031" level="INFO">xpath criteria: //android.widget.Button[@resource-id="com.example.myapplication:id/login"]</msg>
<arg>locator=//android.widget.Button[@resource-id="com.example.myapplication:id/login"]</arg>
<doc>Click element identified by `locator`.</doc>
<status status="PASS" start="2024-05-31T01:37:02.229627" elapsed="0.156916"/>
</kw>
<status status="PASS" start="2024-05-31T01:37:02.228628" elapsed="0.157915"/>
</kw>
<kw name="Input Username">
<kw name="Wait Until Element Is Visible" owner="AppiumLibrary">
<msg time="2024-05-31T01:37:04.569013" level="INFO">xpath criteria: //android.widget.EditText[@resource-id="com.example.myapplication:id/username"]
xpath criteria: //android.widget.EditText[@resource-id="com.example.myapplication:id/username"]</msg>
<arg>locator=//android.widget.EditText[@resource-id="com.example.myapplication:id/username"]</arg>
<doc>Waits until element specified with `locator` is visible.</doc>
<status status="PASS" start="2024-05-31T01:37:02.387572" elapsed="2.181441"/>
</kw>
<kw name="Input Text" owner="AppiumLibrary">
<msg time="2024-05-31T01:37:04.572317" level="INFO">Typing text 'support@gendigital.com' into text field '//android.widget.EditText[@resource-id="com.example.myapplication:id/username"]'</msg>
<msg time="2024-05-31T01:37:04.858248" level="INFO">xpath criteria: //android.widget.EditText[@resource-id="com.example.myapplication:id/username"]</msg>
<arg>locator=//android.widget.EditText[@resource-id="com.example.myapplication:id/username"]</arg>
<arg>text=support@gendigital.com</arg>
<doc>Types the given `text` into text field identified by `locator`.</doc>
<status status="PASS" start="2024-05-31T01:37:04.569013" elapsed="0.290482"/>
</kw>
<status status="PASS" start="2024-05-31T01:37:02.387572" elapsed="2.471923"/>
</kw>
<kw name="Input Password">
<kw name="Input Text" owner="AppiumLibrary">
<msg time="2024-05-31T01:37:04.864577" level="INFO">Typing text 'abc123' into text field '//android.widget.EditText[@resource-id="com.example.myapplication:id/password"]'</msg>
<msg time="2024-05-31T01:37:05.644656" level="INFO">xpath criteria: //android.widget.EditText[@resource-id="com.example.myapplication:id/password"]</msg>
<arg>locator=//android.widget.EditText[@resource-id="com.example.myapplication:id/password"]</arg>
<arg>text=abc123</arg>
<doc>Types the given `text` into text field identified by `locator`.</doc>
<status status="PASS" start="2024-05-31T01:37:04.861124" elapsed="0.784544"/>
</kw>
<status status="PASS" start="2024-05-31T01:37:04.860000" elapsed="0.785668"/>
</kw>
<kw name="Click Login Button On Login Screen">
<kw name="Click Element" owner="AppiumLibrary">
<msg time="2024-05-31T01:37:05.650766" level="INFO">Clicking element '//android.widget.Button[@resource-id="com.example.myapplication:id/signIn"]'.</msg>
<msg time="2024-05-31T01:37:06.256988" level="INFO">xpath criteria: //android.widget.Button[@resource-id="com.example.myapplication:id/signIn"]</msg>
<arg>locator=//android.widget.Button[@resource-id="com.example.myapplication:id/signIn"]</arg>
<doc>Click element identified by `locator`.</doc>
<status status="PASS" start="2024-05-31T01:37:05.647170" elapsed="0.609818"/>
</kw>
<status status="PASS" start="2024-05-31T01:37:05.646663" elapsed="0.610325"/>
</kw>
<status status="PASS" start="2024-05-31T01:36:50.923160" elapsed="15.334856"/>
</test>
<status status="PASS" start="2024-05-31T01:36:50.240957" elapsed="16.019363"/>
</suite>
<statistics>
<total>
<stat pass="1" fail="0" skip="0">All Tests</stat>
</total>
<tag>
</tag>
<suite>
<stat pass="1" fail="0" skip="0" id="s1" name="Test-Mobile">Test-Mobile</stat>
</suite>
</statistics>
<errors>
</errors>
</robot>
